<?xml version="1.0" encoding="UTF-8"?>
<testng-results ignored="0" total="1" passed="1" failed="0" skipped="0">
  <reporter-output>
  </reporter-output>
  <suite started-at="2025-03-27T12:23:25 IST" name="Default suite" finished-at="2025-03-27T12:23:36 IST" duration-ms="11422">
    <groups>
    </groups>
    <test started-at="2025-03-27T12:23:25 IST" name="Default test" finished-at="2025-03-27T12:23:36 IST" duration-ms="11422">
      <class name="com.tests.DashBoardTest">
        <test-method is-config="true" signature="setup()[pri:0, instance:com.tests.DashBoardTest@4b2bac3f]" started-at="2025-03-27T12:23:25 IST" name="setup" finished-at="2025-03-27T12:23:33 IST" duration-ms="7797" status="PASS">
          <reporter-output>
          </reporter-output>
        </test-method> <!-- setup -->
        <test-method signature="Validcredentials()[pri:0, instance:com.tests.DashBoardTest@4b2bac3f]" started-at="2025-03-27T12:23:33 IST" name="Validcredentials" finished-at="2025-03-27T12:23:36 IST" duration-ms="3363" status="PASS">
          <reporter-output>
          </reporter-output>
        </test-method> <!-- Validcredentials -->
        <test-method is-config="true" signature="close()[pri:0, instance:com.tests.DashBoardTest@4b2bac3f]" started-at="2025-03-27T12:23:36 IST" name="close" finished-at="2025-03-27T12:23:36 IST" duration-ms="207" status="PASS">
          <reporter-output>
          </reporter-output>
        </test-method> <!-- close -->
      </class> <!-- com.tests.DashBoardTest -->
    </test> <!-- Default test -->
  </suite> <!-- Default suite -->
</testng-results>
