<?xml version="1.0" encoding="UTF-8"?>
<!-- Generated by org.testng.reporters.JUnitXMLReporter -->
<testsuite ignored="0" hostname="CHANDRU" failures="1" tests="1" name="search" time="0.066" errors="0" timestamp="2025-03-27T10:52:35 IST">
  <testcase classname="DataProviders.DP2503" name="search" time="0.0">
    <failure type="org.testng.TestNGException" message="
Data Provider public java.lang.Object[][] DataProviders.DPExcel.excelDataprovider() throws java.io.IOException returned a null value">
      <![CDATA[org.testng.TestNGException: 
Data Provider public java.lang.Object[][] DataProviders.DPExcel.excelDataprovider() throws java.io.IOException returned a null value
at java.base/java.util.concurrent.Executors$RunnableAdapter.call(Executors.java:572)
at java.base/java.util.concurrent.FutureTask.run(FutureTask.java:317)
at java.base/java.util.concurrent.ThreadPoolExecutor.runWorker(ThreadPoolExecutor.java:1144)
at java.base/java.util.concurrent.ThreadPoolExecutor$Worker.run(ThreadPoolExecutor.java:642)
at java.base/java.lang.Thread.run(Thread.java:1583)
... Removed 10 stack frames]]>
    </failure>
  </testcase> <!-- search -->
</testsuite> <!-- search -->
