<?xml version="1.0" encoding="UTF-8"?>
<!-- Generated by org.testng.reporters.JUnitXMLReporter -->
<testsuite ignored="2" hostname="CHANDRU" failures="0" tests="2" name="Test" time="3.992" errors="0" timestamp="2025-03-27T12:19:46 IST">
  <testcase classname="Test1.TestStart" name="z" time="0.007"/>
  <testcase classname="Test1.TestStart" name="a" time="0.001"/>
  <testcase classname="Test1.TestStart" name="c" time="0.0">
    <ignored/>
  </testcase> <!-- c -->
  <testcase classname="Test1.TestStart" name="f" time="0.0">
    <ignored/>
  </testcase> <!-- f -->
</testsuite> <!-- Test -->
